# JRE version: Java(TM) SE Runtime Environment (8.0_112-b15) (build 1.8.0_112-b15)
# Java VM: Java HotSpot(TM) 64-Bit Server VM (25.112-b15 mixed mode windows-amd64 compressed oops)
Heap:
 PSYoungGen      total 53248K, used 10990K [0x00000000e0780000, 0x00000000e3f80000, 0x0000000100000000)
  eden space 49152K, 14% used [0x00000000e0780000,0x00000000e0e3c318,0x00000000e3780000)
  from space 4096K, 99% used [0x00000000e3b80000,0x00000000e3f7f650,0x00000000e3f80000)
  to   space 4096K, 0% used [0x00000000e3780000,0x00000000e3780000,0x00000000e3b80000)
 ParOldGen       total 65536K, used 2794K [0x00000000a1600000, 0x00000000a5600000, 0x00000000e0780000)
  object space 65536K, 4% used [0x00000000a1600000,0x00000000a18ba928,0x00000000a5600000)
 Metaspace       used 19719K, capacity 19940K, committed 20224K, reserved 1067008K
  class space    used 2638K, capacity 2716K, committed 2816K, reserved 1048576K
GC Heap History (10 events):
Event: 0.348 GC heap before
{Heap before GC invocations=1 (full 0):
 PSYoungGen      total 28672K, used 1474K [0x00000000e0780000, 0x00000000e2780000, 0x0000000100000000)
  eden space 24576K, 6% used [0x00000000e0780000,0x00000000e08f0ac0,0x00000000e1f80000)
  from space 4096K, 0% used [0x00000000e2380000,0x00000000e2380000,0x00000000e2780000)
  to   space 4096K, 0% used [0x00000000e1f80000,0x00000000e1f80000,0x00000000e2380000)
 ParOldGen       total 65536K, used 0K [0x00000000a1600000, 0x00000000a5600000, 0x00000000e0780000)
  object space 65536K, 0% used [0x00000000a1600000,0x00000000a1600000,0x00000000a5600000)
 Metaspace       used 2666K, capacity 4486K, committed 4864K, reserved 1056768K
  class space    used 299K, capacity 386K, committed 512K, reserved 1048576K
Event: 0.350 GC heap after
Heap after GC invocations=1 (full 0):
 PSYoungGen      total 28672K, used 432K [0x00000000e0780000, 0x00000000e2780000, 0x0000000100000000)
  eden space 24576K, 0% used [0x00000000e0780000,0x00000000e0780000,0x00000000e1f80000)
  from space 4096K, 10% used [0x00000000e1f80000,0x00000000e1fec010,0x00000000e2380000)
  to   space 4096K, 0% used [0x00000000e2380000,0x00000000e2380000,0x00000000e2780000)
 ParOldGen       total 65536K, used 8K [0x00000000a1600000, 0x00000000a5600000, 0x00000000e0780000)
  object space 65536K, 0% used [0x00000000a1600000,0x00000000a1602000,0x00000000a5600000)
 Metaspace       used 2666K, capacity 4486K, committed 4864K, reserved 1056768K
  class space    used 299K, capacity 386K, committed 512K, reserved 1048576K
}
Event: 0.350 GC heap before
{Heap before GC invocations=2 (full 1):
 PSYoungGen      total 28672K, used 432K [0x00000000e0780000, 0x00000000e2780000, 0x0000000100000000)
  eden space 24576K, 0% used [0x00000000e0780000,0x00000000e0780000,0x00000000e1f80000)
  from space 4096K, 10% used [0x00000000e1f80000,0x00000000e1fec010,0x00000000e2380000)
  to   space 4096K, 0% used [0x00000000e2380000,0x00000000e2380000,0x00000000e2780000)
 ParOldGen       total 65536K, used 8K [0x00000000a1600000, 0x00000000a5600000, 0x00000000e0780000)
  object space 65536K, 0% used [0x00000000a1600000,0x00000000a1602000,0x00000000a5600000)
 Metaspace       used 2666K, capacity 4486K, committed 4864K, reserved 1056768K
  class space    used 299K, capacity 386K, committed 512K, reserved 1048576K
Event: 0.362 GC heap after
Heap after GC invocations=2 (full 1):
 PSYoungGen      total 28672K, used 0K [0x00000000e0780000, 0x00000000e2780000, 0x0000000100000000)
  eden space 24576K, 0% used [0x00000000e0780000,0x00000000e0780000,0x00000000e1f80000)
  from space 4096K, 0% used [0x00000000e1f80000,0x00000000e1f80000,0x00000000e2380000)
  to   space 4096K, 0% used [0x00000000e2380000,0x00000000e2380000,0x00000000e2780000)
 ParOldGen       total 65536K, used 317K [0x00000000a1600000, 0x00000000a5600000, 0x00000000e0780000)
  object space 65536K, 0% used [0x00000000a1600000,0x00000000a164f608,0x00000000a5600000)
 Metaspace       used 2666K, capacity 4486K, committed 4864K, reserved 1056768K
  class space    used 299K, capacity 386K, committed 512K, reserved 1048576K
}
Event: 0.428 GC heap before
{Heap before GC invocations=3 (full 1):
 PSYoungGen      total 28672K, used 24558K [0x00000000e0780000, 0x00000000e2780000, 0x0000000100000000)
  eden space 24576K, 99% used [0x00000000e0780000,0x00000000e1f7b950,0x00000000e1f80000)
  from space 4096K, 0% used [0x00000000e1f80000,0x00000000e1f80000,0x00000000e2380000)
  to   space 4096K, 0% used [0x00000000e2380000,0x00000000e2380000,0x00000000e2780000)
 ParOldGen       total 65536K, used 317K [0x00000000a1600000, 0x00000000a5600000, 0x00000000e0780000)
  object space 65536K, 0% used [0x00000000a1600000,0x00000000a164f608,0x00000000a5600000)
 Metaspace       used 2705K, capacity 4486K, committed 4864K, reserved 1056768K
  class space    used 303K, capacity 386K, committed 512K, reserved 1048576K
Event: 0.430 GC heap after
Heap after GC invocations=3 (full 1):
 PSYoungGen      total 28672K, used 321K [0x00000000e0780000, 0x00000000e3f80000, 0x0000000100000000)
  eden space 24576K, 0% used [0x00000000e0780000,0x00000000e0780000,0x00000000e1f80000)
  from space 4096K, 7% used [0x00000000e2380000,0x00000000e23d0580,0x00000000e2780000)
  to   space 4096K, 0% used [0x00000000e1f80000,0x00000000e1f80000,0x00000000e2380000)
 ParOldGen       total 65536K, used 317K [0x00000000a1600000, 0x00000000a5600000, 0x00000000e0780000)
  object space 65536K, 0% used [0x00000000a1600000,0x00000000a164f608,0x00000000a5600000)
 Metaspace       used 2705K, capacity 4486K, committed 4864K, reserved 1056768K
  class space    used 303K, capacity 386K, committed 512K, reserved 1048576K
}
Event: 3.172 GC heap before
{Heap before GC invocations=4 (full 1):
 PSYoungGen      total 28672K, used 24897K [0x00000000e0780000, 0x00000000e3f80000, 0x0000000100000000)
  eden space 24576K, 100% used [0x00000000e0780000,0x00000000e1f80000,0x00000000e1f80000)
  from space 4096K, 7% used [0x00000000e2380000,0x00000000e23d0580,0x00000000e2780000)
  to   space 4096K, 0% used [0x00000000e1f80000,0x00000000e1f80000,0x00000000e2380000)
 ParOldGen       total 65536K, used 317K [0x00000000a1600000, 0x00000000a5600000, 0x00000000e0780000)
  object space 65536K, 0% used [0x00000000a1600000,0x00000000a164f608,0x00000000a5600000)
 Metaspace       used 11810K, capacity 11990K, committed 12288K, reserved 1060864K
  class space    used 1593K, capacity 1667K, committed 1792K, reserved 1048576K
Event: 3.181 GC heap after
Heap after GC invocations=4 (full 1):
 PSYoungGen      total 28672K, used 4050K [0x00000000e0780000, 0x00000000e3f80000, 0x0000000100000000)
  eden space 24576K, 0% used [0x00000000e0780000,0x00000000e0780000,0x00000000e1f80000)
  from space 4096K, 98% used [0x00000000e1f80000,0x00000000e2374998,0x00000000e2380000)
  to   space 4096K, 0% used [0x00000000e3b80000,0x00000000e3b80000,0x00000000e3f80000)
 ParOldGen       total 65536K, used 389K [0x00000000a1600000, 0x00000000a5600000, 0x00000000e0780000)
  object space 65536K, 0% used [0x00000000a1600000,0x00000000a1661618,0x00000000a5600000)
 Metaspace       used 11810K, capacity 11990K, committed 12288K, reserved 1060864K
  class space    used 1593K, capacity 1667K, committed 1792K, reserved 1048576K
}
Event: 5.763 GC heap before
{Heap before GC invocations=5 (full 1):
 PSYoungGen      total 28672K, used 28626K [0x00000000e0780000, 0x00000000e3f80000, 0x0000000100000000)
  eden space 24576K, 100% used [0x00000000e0780000,0x00000000e1f80000,0x00000000e1f80000)
  from space 4096K, 98% used [0x00000000e1f80000,0x00000000e2374998,0x00000000e2380000)
  to   space 4096K, 0% used [0x00000000e3b80000,0x00000000e3b80000,0x00000000e3f80000)
 ParOldGen       total 65536K, used 389K [0x00000000a1600000, 0x00000000a5600000, 0x00000000e0780000)
  object space 65536K, 0% used [0x00000000a1600000,0x00000000a1661618,0x00000000a5600000)
 Metaspace       used 18831K, capacity 19070K, committed 19328K, reserved 1067008K
  class space    used 2525K, capacity 2619K, committed 2688K, reserved 1048576K
Event: 5.780 GC heap after
Heap after GC invocations=5 (full 1):
 PSYoungGen      total 53248K, used 4093K [0x00000000e0780000, 0x00000000e3f80000, 0x0000000100000000)
  eden space 49152K, 0% used [0x00000000e0780000,0x00000000e0780000,0x00000000e3780000)
  from space 4096K, 99% used [0x00000000e3b80000,0x00000000e3f7f650,0x00000000e3f80000)
  to   space 4096K, 0% used [0x00000000e3780000,0x00000000e3780000,0x00000000e3b80000)
 ParOldGen       total 65536K, used 2794K [0x00000000a1600000, 0x00000000a5600000, 0x00000000e0780000)
  object space 65536K, 4% used [0x00000000a1600000,0x00000000a18ba928,0x00000000a5600000)
 Metaspace       used 18831K, capacity 19070K, committed 19328K, reserved 1067008K
  class space    used 2525K, capacity 2619K, committed 2688K, reserved 1048576K
}

